\BOOKMARK [1][-]{section.1}{\376\377\116\313\176\315}{}% 1
\BOOKMARK [2][-]{subsection.1.1}{\376\377\116\072\000\040\000L\000a\000T\000e\000X\0002\003\265\000\040\177\026\121\231\174\173\124\214\123\005}{section.1}% 2
\BOOKMARK [2][-]{subsection.1.2}{\376\377\151\202\217\360}{section.1}% 3
\BOOKMARK [2][-]{subsection.1.3}{\376\377\146\364\131\032\117\341\140\157}{section.1}% 4
\BOOKMARK [2][-]{subsection.1.4}{\376\377\150\007\121\306\174\173\116\055\166\204\173\126\165\145}{section.1}% 5
\BOOKMARK [1][-]{section.2}{\376\377\177\026\121\231\174\173\124\214\123\005}{}% 6
\BOOKMARK [2][-]{subsection.2.1}{\376\377\145\347\162\110\147\054}{section.2}% 7
\BOOKMARK [2][-]{subsection.2.2}{\376\377\117\177\165\050\040\034\000d\000o\000c\000s\000t\000r\000i\000p\040\035\124\214\040\034\000d\000o\000c\040\035}{section.2}% 8
\BOOKMARK [2][-]{subsection.2.3}{\376\377\133\203\146\057\116\000\116\052\174\173\217\330\146\057\116\000\116\052\123\005\377\037}{section.2}% 9
\BOOKMARK [2][-]{subsection.2.4}{\376\377\124\175\116\344\124\015}{section.2}% 10
\BOOKMARK [2][-]{subsection.2.5}{\376\377\166\322\133\120\124\175\116\344\124\214\230\234\227\142}{section.2}% 11
\BOOKMARK [2][-]{subsection.2.6}{\376\377\133\232\116\111\145\207\147\054\124\214\145\160\133\146\133\127\173\046}{section.2}% 12
\BOOKMARK [2][-]{subsection.2.7}{\376\377\136\070\211\304\150\067\137\017}{section.2}% 13
\BOOKMARK [1][-]{section.3}{\376\377\174\173\142\026\123\005\166\204\176\323\147\204}{}% 14
\BOOKMARK [2][-]{subsection.3.1}{\376\377\150\007\213\306\173\046}{section.3}% 15
\BOOKMARK [2][-]{subsection.3.2}{\376\377\117\177\165\050\174\173\124\214\123\005}{section.3}% 16
\BOOKMARK [2][-]{subsection.3.3}{\376\377\130\360\146\016\220\011\230\171}{section.3}% 17
\BOOKMARK [2][-]{subsection.3.4}{\376\377\147\000\134\017\166\204\174\173\145\207\116\366}{section.3}% 18
\BOOKMARK [2][-]{subsection.3.5}{\376\377\116\076\117\213\377\032\116\000\116\052\147\054\127\060\117\341\121\375\174\173}{section.3}% 19
\BOOKMARK [2][-]{subsection.3.6}{\376\377\116\076\117\213\377\032\116\000\116\052\173\200\142\245\174\173}{section.3}% 20
\BOOKMARK [1][-]{section.4}{\376\377\165\050\116\216\174\173\124\214\123\005\117\134\200\005\166\204\124\175\116\344}{}% 21
\BOOKMARK [2][-]{subsection.4.1}{\376\377\150\007\213\306\173\046}{section.4}% 22
\BOOKMARK [2][-]{subsection.4.2}{\376\377\122\240\217\175\145\207\116\366}{section.4}% 23
\BOOKMARK [2][-]{subsection.4.3}{\376\377\220\011\230\171\130\360\146\016}{section.4}% 24
\BOOKMARK [2][-]{subsection.4.4}{\376\377\220\011\230\171\116\343\170\001\116\055\166\204\124\175\116\344}{section.4}% 25
\BOOKMARK [2][-]{subsection.4.5}{\376\377\126\333\131\004\171\373\122\250\220\011\230\171}{section.4}% 26
\BOOKMARK [2][-]{subsection.4.6}{\376\377\136\366\217\337\116\343\170\001}{section.4}% 27
\BOOKMARK [2][-]{subsection.4.7}{\376\377\220\011\230\171\131\004\164\006}{section.4}% 28
\BOOKMARK [2][-]{subsection.4.8}{\376\377\133\211\121\150\145\207\116\366\124\175\116\344}{section.4}% 29
\BOOKMARK [2][-]{subsection.4.9}{\376\377\142\245\124\112\225\031\213\357\173\111}{section.4}% 30
\BOOKMARK [2][-]{subsection.4.10}{\376\377\133\232\116\111\124\175\116\344}{section.4}% 31
\BOOKMARK [2][-]{subsection.4.11}{\376\377\171\373\122\250\123\302\145\160}{section.4}% 32
\BOOKMARK [1][-]{section.5}{\376\377\147\102\230\171\124\175\116\344\377\014\173\111}{}% 33
\BOOKMARK [2][-]{subsection.5.1}{\376\377\136\003\134\100\123\302\145\160}{section.5}% 34
\BOOKMARK [2][-]{subsection.5.2}{\376\377\146\364\145\071\131\047\134\017\121\231}{section.5}% 35
\BOOKMARK [2][-]{subsection.5.3}{\376\377\040\034\000b\000o\000o\000k\040\035\174\173\116\055\166\204\040\034\000o\000p\000e\000n\000a\000n\000y\040\035\220\011\230\171}{section.5}% 36
\BOOKMARK [2][-]{subsection.5.4}{\376\377\146\364\117\163\166\204\165\050\142\067\133\232\116\111\166\204\145\160\133\146\146\076\171\072\163\257\130\203}{section.5}% 37
\BOOKMARK [2][-]{subsection.5.5}{\376\377\117\177\225\364\215\335\153\143\136\070}{section.5}% 38
\BOOKMARK [1][-]{section.6}{\376\377\123\107\176\247\000\040\000L\000a\000T\000e\000X\000\040\0002\000.\0000\0009\000\040\174\173\124\214\123\005}{}% 39
\BOOKMARK [2][-]{subsection.6.1}{\376\377\121\110\213\325\213\325\124\047\377\001}{section.6}% 40
\BOOKMARK [2][-]{subsection.6.2}{\376\377\143\222\226\144\145\105\226\234}{section.6}% 41
\BOOKMARK [2][-]{subsection.6.3}{\376\377\220\002\136\224\121\174\133\271\152\041\137\017}{section.6}% 42
\BOOKMARK [2][-]{subsection.6.4}{\376\377\133\127\117\123\124\175\116\344}{section.6}% 43
\BOOKMARK [2][-]{subsection.6.5}{\376\377\217\307\145\366\166\204\124\175\116\344}{section.6}% 44
